2025-10-17 15:03:28,155:WARNING:
'cuml' is a soft dependency and not included in the pycaret installation. Please run: `pip install cuml` to install.
2025-10-17 15:03:28,155:WARNING:
'cuml' is a soft dependency and not included in the pycaret installation. Please run: `pip install cuml` to install.
2025-10-17 15:03:28,155:WARNING:
'cuml' is a soft dependency and not included in the pycaret installation. Please run: `pip install cuml` to install.
2025-10-17 15:03:28,155:WARNING:
'cuml' is a soft dependency and not included in the pycaret installation. Please run: `pip install cuml` to install.
2025-10-17 15:04:13,555:WARNING:
'cuml' is a soft dependency and not included in the pycaret installation. Please run: `pip install cuml` to install.
2025-10-17 15:04:13,555:WARNING:
'cuml' is a soft dependency and not included in the pycaret installation. Please run: `pip install cuml` to install.
2025-10-17 15:04:13,555:WARNING:
'cuml' is a soft dependency and not included in the pycaret installation. Please run: `pip install cuml` to install.
2025-10-17 15:04:13,555:WARNING:
'cuml' is a soft dependency and not included in the pycaret installation. Please run: `pip install cuml` to install.
2025-10-17 15:04:33,595:INFO:PyCaret ClassificationExperiment
2025-10-17 15:04:33,595:INFO:Logging name: clf-default-name
2025-10-17 15:04:33,595:INFO:ML Usecase: MLUsecase.CLASSIFICATION
2025-10-17 15:04:33,595:INFO:version 3.3.2
2025-10-17 15:04:33,595:INFO:Initializing setup()
2025-10-17 15:04:33,595:INFO:self.USI: 4d03
2025-10-17 15:04:33,595:INFO:self._variable_keys: {'memory', 'gpu_n_jobs_param', 'fold_shuffle_param', 'idx', 'pipeline', 'log_plots_param', 'X_test', 'exp_name_log', 'target_param', 'fix_imbalance', 'gpu_param', 'logging_param', 'n_jobs_param', 'y', 'exp_id', 'y_test', 'fold_generator', 'data', 'X', '_available_plots', 'fold_groups_param', 'X_train', 'is_multiclass', 'html_param', 'USI', 'y_train', '_ml_usecase', 'seed'}
2025-10-17 15:04:33,595:INFO:Checking environment
2025-10-17 15:04:33,595:INFO:python_version: 3.11.9
2025-10-17 15:04:33,595:INFO:python_build: ('tags/v3.11.9:de54cf5', 'Apr  2 2024 10:12:12')
2025-10-17 15:04:33,595:INFO:machine: AMD64
2025-10-17 15:04:33,645:INFO:platform: Windows-10-10.0.26100-SP0
2025-10-17 15:04:33,645:INFO:Memory: svmem(total=16890978304, available=2180612096, percent=87.1, used=14710366208, free=2180612096)
2025-10-17 15:04:33,645:INFO:Physical Core: 10
2025-10-17 15:04:33,645:INFO:Logical Core: 12
2025-10-17 15:04:33,645:INFO:Checking libraries
2025-10-17 15:04:33,645:INFO:System:
2025-10-17 15:04:33,645:INFO:    python: 3.11.9 (tags/v3.11.9:de54cf5, Apr  2 2024, 10:12:12) [MSC v.1938 64 bit (AMD64)]
2025-10-17 15:04:33,645:INFO:executable: C:\Users\Administaror\AppData\Local\Microsoft\WindowsApps\PythonSoftwareFoundation.Python.3.11_qbz5n2kfra8p0\python.exe
2025-10-17 15:04:33,645:INFO:   machine: Windows-10-10.0.26100-SP0
2025-10-17 15:04:33,645:INFO:PyCaret required dependencies:
2025-10-17 15:04:34,335:INFO:                 pip: 24.0
2025-10-17 15:04:34,335:INFO:          setuptools: 65.5.0
2025-10-17 15:04:34,335:INFO:             pycaret: 3.3.2
2025-10-17 15:04:34,335:INFO:             IPython: 9.0.2
2025-10-17 15:04:34,335:INFO:          ipywidgets: 8.1.7
2025-10-17 15:04:34,335:INFO:                tqdm: 4.67.0
2025-10-17 15:04:34,335:INFO:               numpy: 1.26.4
2025-10-17 15:04:34,335:INFO:              pandas: 2.1.4
2025-10-17 15:04:34,335:INFO:              jinja2: 3.1.6
2025-10-17 15:04:34,335:INFO:               scipy: 1.11.4
2025-10-17 15:04:34,335:INFO:              joblib: 1.3.2
2025-10-17 15:04:34,335:INFO:             sklearn: 1.4.2
2025-10-17 15:04:34,335:INFO:                pyod: 2.0.5
2025-10-17 15:04:34,335:INFO:            imblearn: 0.13.0
2025-10-17 15:04:34,335:INFO:   category_encoders: 2.7.0
2025-10-17 15:04:34,335:INFO:            lightgbm: 4.6.0
2025-10-17 15:04:34,335:INFO:               numba: 0.61.0
2025-10-17 15:04:34,335:INFO:            requests: 2.32.3
2025-10-17 15:04:34,335:INFO:          matplotlib: 3.7.5
2025-10-17 15:04:34,335:INFO:          scikitplot: 0.3.7
2025-10-17 15:04:34,335:INFO:         yellowbrick: 1.5
2025-10-17 15:04:34,335:INFO:              plotly: 6.1.1
2025-10-17 15:04:34,335:INFO:    plotly-resampler: Not installed
2025-10-17 15:04:34,335:INFO:             kaleido: 0.2.1
2025-10-17 15:04:34,335:INFO:           schemdraw: 0.15
2025-10-17 15:04:34,335:INFO:         statsmodels: 0.14.5
2025-10-17 15:04:34,335:INFO:              sktime: 0.26.0
2025-10-17 15:04:34,335:INFO:               tbats: 1.1.3
2025-10-17 15:04:34,335:INFO:            pmdarima: 2.0.4
2025-10-17 15:04:34,335:INFO:              psutil: 6.1.0
2025-10-17 15:04:34,335:INFO:          markupsafe: 3.0.2
2025-10-17 15:04:34,335:INFO:             pickle5: Not installed
2025-10-17 15:04:34,335:INFO:         cloudpickle: 3.1.1
2025-10-17 15:04:34,335:INFO:         deprecation: 2.1.0
2025-10-17 15:04:34,335:INFO:              xxhash: 3.5.0
2025-10-17 15:04:34,335:INFO:           wurlitzer: Not installed
2025-10-17 15:04:34,335:INFO:PyCaret optional dependencies:
2025-10-17 15:04:35,981:INFO:                shap: 0.47.1
2025-10-17 15:04:35,981:INFO:           interpret: Not installed
2025-10-17 15:04:35,981:INFO:                umap: Not installed
2025-10-17 15:04:35,981:INFO:     ydata_profiling: 4.17.0
2025-10-17 15:04:35,981:INFO:  explainerdashboard: Not installed
2025-10-17 15:04:35,981:INFO:             autoviz: Not installed
2025-10-17 15:04:35,981:INFO:           fairlearn: Not installed
2025-10-17 15:04:35,981:INFO:          deepchecks: Not installed
2025-10-17 15:04:35,981:INFO:             xgboost: Not installed
2025-10-17 15:04:35,982:INFO:            catboost: 1.2.8
2025-10-17 15:04:35,982:INFO:              kmodes: Not installed
2025-10-17 15:04:35,982:INFO:             mlxtend: Not installed
2025-10-17 15:04:35,982:INFO:       statsforecast: Not installed
2025-10-17 15:04:35,982:INFO:        tune_sklearn: Not installed
2025-10-17 15:04:35,982:INFO:                 ray: Not installed
2025-10-17 15:04:35,982:INFO:            hyperopt: Not installed
2025-10-17 15:04:35,982:INFO:              optuna: Not installed
2025-10-17 15:04:35,982:INFO:               skopt: Not installed
2025-10-17 15:04:35,982:INFO:              mlflow: Not installed
2025-10-17 15:04:35,982:INFO:              gradio: Not installed
2025-10-17 15:04:35,982:INFO:             fastapi: 0.115.12
2025-10-17 15:04:35,982:INFO:             uvicorn: 0.34.2
2025-10-17 15:04:35,982:INFO:              m2cgen: Not installed
2025-10-17 15:04:35,982:INFO:           evidently: Not installed
2025-10-17 15:04:35,982:INFO:               fugue: Not installed
2025-10-17 15:04:35,982:INFO:           streamlit: Not installed
2025-10-17 15:04:35,982:INFO:             prophet: Not installed
2025-10-17 15:04:35,982:INFO:None
2025-10-17 15:04:35,982:INFO:Set up data.
2025-10-17 15:23:01,325:WARNING:
'cuml' is a soft dependency and not included in the pycaret installation. Please run: `pip install cuml` to install.
2025-10-17 15:23:01,341:WARNING:
'cuml' is a soft dependency and not included in the pycaret installation. Please run: `pip install cuml` to install.
2025-10-17 15:23:01,341:WARNING:
'cuml' is a soft dependency and not included in the pycaret installation. Please run: `pip install cuml` to install.
2025-10-17 15:23:01,341:WARNING:
'cuml' is a soft dependency and not included in the pycaret installation. Please run: `pip install cuml` to install.
2025-10-17 15:23:18,699:INFO:PyCaret ClassificationExperiment
2025-10-17 15:23:18,699:INFO:Logging name: clf-default-name
2025-10-17 15:23:18,699:INFO:ML Usecase: MLUsecase.CLASSIFICATION
2025-10-17 15:23:18,699:INFO:version 3.3.2
2025-10-17 15:23:18,699:INFO:Initializing setup()
2025-10-17 15:23:18,699:INFO:self.USI: 9ebe
2025-10-17 15:23:18,699:INFO:self._variable_keys: {'data', 'y_train', 'X_train', 'gpu_n_jobs_param', 'pipeline', 'idx', 'exp_name_log', 'logging_param', '_available_plots', '_ml_usecase', 'X', 'y', 'fix_imbalance', 'fold_shuffle_param', 'log_plots_param', 'fold_generator', 'USI', 'X_test', 'n_jobs_param', 'memory', 'y_test', 'gpu_param', 'is_multiclass', 'target_param', 'fold_groups_param', 'html_param', 'exp_id', 'seed'}
2025-10-17 15:23:18,699:INFO:Checking environment
2025-10-17 15:23:18,699:INFO:python_version: 3.11.9
2025-10-17 15:23:18,699:INFO:python_build: ('tags/v3.11.9:de54cf5', 'Apr  2 2024 10:12:12')
2025-10-17 15:23:18,699:INFO:machine: AMD64
2025-10-17 15:23:18,725:INFO:platform: Windows-10-10.0.26100-SP0
2025-10-17 15:23:18,725:INFO:Memory: svmem(total=16890978304, available=2555428864, percent=84.9, used=14335549440, free=2555428864)
2025-10-17 15:23:18,725:INFO:Physical Core: 10
2025-10-17 15:23:18,725:INFO:Logical Core: 12
2025-10-17 15:23:18,725:INFO:Checking libraries
2025-10-17 15:23:18,725:INFO:System:
2025-10-17 15:23:18,725:INFO:    python: 3.11.9 (tags/v3.11.9:de54cf5, Apr  2 2024, 10:12:12) [MSC v.1938 64 bit (AMD64)]
2025-10-17 15:23:18,725:INFO:executable: C:\Users\Administaror\AppData\Local\Microsoft\WindowsApps\PythonSoftwareFoundation.Python.3.11_qbz5n2kfra8p0\python.exe
2025-10-17 15:23:18,725:INFO:   machine: Windows-10-10.0.26100-SP0
2025-10-17 15:23:18,725:INFO:PyCaret required dependencies:
2025-10-17 15:23:18,888:INFO:                 pip: 24.0
2025-10-17 15:23:18,888:INFO:          setuptools: 65.5.0
2025-10-17 15:23:18,888:INFO:             pycaret: 3.3.2
2025-10-17 15:23:18,888:INFO:             IPython: 9.0.2
2025-10-17 15:23:18,888:INFO:          ipywidgets: 8.1.7
2025-10-17 15:23:18,888:INFO:                tqdm: 4.67.0
2025-10-17 15:23:18,888:INFO:               numpy: 1.26.4
2025-10-17 15:23:18,888:INFO:              pandas: 2.1.4
2025-10-17 15:23:18,888:INFO:              jinja2: 3.1.6
2025-10-17 15:23:18,888:INFO:               scipy: 1.11.4
2025-10-17 15:23:18,888:INFO:              joblib: 1.3.2
2025-10-17 15:23:18,888:INFO:             sklearn: 1.4.2
2025-10-17 15:23:18,888:INFO:                pyod: 2.0.5
2025-10-17 15:23:18,888:INFO:            imblearn: 0.13.0
2025-10-17 15:23:18,888:INFO:   category_encoders: 2.7.0
2025-10-17 15:23:18,888:INFO:            lightgbm: 4.6.0
2025-10-17 15:23:18,888:INFO:               numba: 0.61.0
2025-10-17 15:23:18,888:INFO:            requests: 2.32.3
2025-10-17 15:23:18,888:INFO:          matplotlib: 3.7.5
2025-10-17 15:23:18,888:INFO:          scikitplot: 0.3.7
2025-10-17 15:23:18,888:INFO:         yellowbrick: 1.5
2025-10-17 15:23:18,888:INFO:              plotly: 6.1.1
2025-10-17 15:23:18,888:INFO:    plotly-resampler: Not installed
2025-10-17 15:23:18,888:INFO:             kaleido: 0.2.1
2025-10-17 15:23:18,888:INFO:           schemdraw: 0.15
2025-10-17 15:23:18,888:INFO:         statsmodels: 0.14.5
2025-10-17 15:23:18,888:INFO:              sktime: 0.26.0
2025-10-17 15:23:18,888:INFO:               tbats: 1.1.3
2025-10-17 15:23:18,888:INFO:            pmdarima: 2.0.4
2025-10-17 15:23:18,888:INFO:              psutil: 6.1.0
2025-10-17 15:23:18,888:INFO:          markupsafe: 3.0.2
2025-10-17 15:23:18,888:INFO:             pickle5: Not installed
2025-10-17 15:23:18,888:INFO:         cloudpickle: 3.1.1
2025-10-17 15:23:18,888:INFO:         deprecation: 2.1.0
2025-10-17 15:23:18,888:INFO:              xxhash: 3.5.0
2025-10-17 15:23:18,888:INFO:           wurlitzer: Not installed
2025-10-17 15:23:18,888:INFO:PyCaret optional dependencies:
2025-10-17 15:23:19,364:INFO:                shap: 0.47.1
2025-10-17 15:23:19,366:INFO:           interpret: Not installed
2025-10-17 15:23:19,366:INFO:                umap: Not installed
2025-10-17 15:23:19,366:INFO:     ydata_profiling: 4.17.0
2025-10-17 15:23:19,366:INFO:  explainerdashboard: Not installed
2025-10-17 15:23:19,366:INFO:             autoviz: Not installed
2025-10-17 15:23:19,366:INFO:           fairlearn: Not installed
2025-10-17 15:23:19,366:INFO:          deepchecks: Not installed
2025-10-17 15:23:19,366:INFO:             xgboost: Not installed
2025-10-17 15:23:19,366:INFO:            catboost: 1.2.8
2025-10-17 15:23:19,366:INFO:              kmodes: Not installed
2025-10-17 15:23:19,366:INFO:             mlxtend: Not installed
2025-10-17 15:23:19,366:INFO:       statsforecast: Not installed
2025-10-17 15:23:19,366:INFO:        tune_sklearn: Not installed
2025-10-17 15:23:19,366:INFO:                 ray: Not installed
2025-10-17 15:23:19,366:INFO:            hyperopt: Not installed
2025-10-17 15:23:19,366:INFO:              optuna: Not installed
2025-10-17 15:23:19,366:INFO:               skopt: Not installed
2025-10-17 15:23:19,366:INFO:              mlflow: Not installed
2025-10-17 15:23:19,366:INFO:              gradio: Not installed
2025-10-17 15:23:19,366:INFO:             fastapi: 0.115.12
2025-10-17 15:23:19,366:INFO:             uvicorn: 0.34.2
2025-10-17 15:23:19,366:INFO:              m2cgen: Not installed
2025-10-17 15:23:19,366:INFO:           evidently: Not installed
2025-10-17 15:23:19,366:INFO:               fugue: Not installed
2025-10-17 15:23:19,366:INFO:           streamlit: Not installed
2025-10-17 15:23:19,366:INFO:             prophet: Not installed
2025-10-17 15:23:19,366:INFO:None
2025-10-17 15:23:19,366:INFO:Set up data.
2025-10-17 15:23:53,257:WARNING:
'cuml' is a soft dependency and not included in the pycaret installation. Please run: `pip install cuml` to install.
2025-10-17 15:23:53,257:WARNING:
'cuml' is a soft dependency and not included in the pycaret installation. Please run: `pip install cuml` to install.
2025-10-17 15:23:53,257:WARNING:
'cuml' is a soft dependency and not included in the pycaret installation. Please run: `pip install cuml` to install.
2025-10-17 15:23:53,257:WARNING:
'cuml' is a soft dependency and not included in the pycaret installation. Please run: `pip install cuml` to install.
2025-10-17 15:24:08,268:INFO:PyCaret ClassificationExperiment
2025-10-17 15:24:08,268:INFO:Logging name: clf-default-name
2025-10-17 15:24:08,268:INFO:ML Usecase: MLUsecase.CLASSIFICATION
2025-10-17 15:24:08,268:INFO:version 3.3.2
2025-10-17 15:24:08,268:INFO:Initializing setup()
2025-10-17 15:24:08,268:INFO:self.USI: 288c
2025-10-17 15:24:08,268:INFO:self._variable_keys: {'X_train', 'memory', 'is_multiclass', 'fold_generator', 'fix_imbalance', 'log_plots_param', 'X', 'exp_name_log', 'target_param', 'seed', 'idx', 'USI', 'y', 'pipeline', '_available_plots', 'gpu_n_jobs_param', '_ml_usecase', 'logging_param', 'fold_shuffle_param', 'X_test', 'html_param', 'exp_id', 'n_jobs_param', 'gpu_param', 'y_test', 'fold_groups_param', 'data', 'y_train'}
2025-10-17 15:24:08,268:INFO:Checking environment
2025-10-17 15:24:08,268:INFO:python_version: 3.11.9
2025-10-17 15:24:08,268:INFO:python_build: ('tags/v3.11.9:de54cf5', 'Apr  2 2024 10:12:12')
2025-10-17 15:24:08,268:INFO:machine: AMD64
2025-10-17 15:24:08,302:INFO:platform: Windows-10-10.0.26100-SP0
2025-10-17 15:24:08,302:INFO:Memory: svmem(total=16890978304, available=6075699200, percent=64.0, used=10815279104, free=6075699200)
2025-10-17 15:24:08,302:INFO:Physical Core: 10
2025-10-17 15:24:08,302:INFO:Logical Core: 12
2025-10-17 15:24:08,302:INFO:Checking libraries
2025-10-17 15:24:08,302:INFO:System:
2025-10-17 15:24:08,302:INFO:    python: 3.11.9 (tags/v3.11.9:de54cf5, Apr  2 2024, 10:12:12) [MSC v.1938 64 bit (AMD64)]
2025-10-17 15:24:08,302:INFO:executable: C:\Users\Administaror\AppData\Local\Microsoft\WindowsApps\PythonSoftwareFoundation.Python.3.11_qbz5n2kfra8p0\python.exe
2025-10-17 15:24:08,302:INFO:   machine: Windows-10-10.0.26100-SP0
2025-10-17 15:24:08,302:INFO:PyCaret required dependencies:
2025-10-17 15:24:08,416:INFO:                 pip: 24.0
2025-10-17 15:24:08,416:INFO:          setuptools: 65.5.0
2025-10-17 15:24:08,416:INFO:             pycaret: 3.3.2
2025-10-17 15:24:08,416:INFO:             IPython: 9.0.2
2025-10-17 15:24:08,416:INFO:          ipywidgets: 8.1.7
2025-10-17 15:24:08,416:INFO:                tqdm: 4.67.0
2025-10-17 15:24:08,416:INFO:               numpy: 1.26.4
2025-10-17 15:24:08,416:INFO:              pandas: 2.1.4
2025-10-17 15:24:08,416:INFO:              jinja2: 3.1.6
2025-10-17 15:24:08,416:INFO:               scipy: 1.11.4
2025-10-17 15:24:08,416:INFO:              joblib: 1.3.2
2025-10-17 15:24:08,416:INFO:             sklearn: 1.4.2
2025-10-17 15:24:08,416:INFO:                pyod: 2.0.5
2025-10-17 15:24:08,416:INFO:            imblearn: 0.13.0
2025-10-17 15:24:08,416:INFO:   category_encoders: 2.7.0
2025-10-17 15:24:08,416:INFO:            lightgbm: 4.6.0
2025-10-17 15:24:08,416:INFO:               numba: 0.61.0
2025-10-17 15:24:08,416:INFO:            requests: 2.32.3
2025-10-17 15:24:08,416:INFO:          matplotlib: 3.7.5
2025-10-17 15:24:08,416:INFO:          scikitplot: 0.3.7
2025-10-17 15:24:08,416:INFO:         yellowbrick: 1.5
2025-10-17 15:24:08,416:INFO:              plotly: 6.1.1
2025-10-17 15:24:08,416:INFO:    plotly-resampler: Not installed
2025-10-17 15:24:08,416:INFO:             kaleido: 0.2.1
2025-10-17 15:24:08,416:INFO:           schemdraw: 0.15
2025-10-17 15:24:08,416:INFO:         statsmodels: 0.14.5
2025-10-17 15:24:08,416:INFO:              sktime: 0.26.0
2025-10-17 15:24:08,416:INFO:               tbats: 1.1.3
2025-10-17 15:24:08,416:INFO:            pmdarima: 2.0.4
2025-10-17 15:24:08,416:INFO:              psutil: 6.1.0
2025-10-17 15:24:08,416:INFO:          markupsafe: 3.0.2
2025-10-17 15:24:08,416:INFO:             pickle5: Not installed
2025-10-17 15:24:08,416:INFO:         cloudpickle: 3.1.1
2025-10-17 15:24:08,416:INFO:         deprecation: 2.1.0
2025-10-17 15:24:08,416:INFO:              xxhash: 3.5.0
2025-10-17 15:24:08,416:INFO:           wurlitzer: Not installed
2025-10-17 15:24:08,416:INFO:PyCaret optional dependencies:
2025-10-17 15:24:08,706:INFO:                shap: 0.47.1
2025-10-17 15:24:08,706:INFO:           interpret: Not installed
2025-10-17 15:24:08,706:INFO:                umap: Not installed
2025-10-17 15:24:08,706:INFO:     ydata_profiling: 4.17.0
2025-10-17 15:24:08,706:INFO:  explainerdashboard: Not installed
2025-10-17 15:24:08,706:INFO:             autoviz: Not installed
2025-10-17 15:24:08,706:INFO:           fairlearn: Not installed
2025-10-17 15:24:08,706:INFO:          deepchecks: Not installed
2025-10-17 15:24:08,706:INFO:             xgboost: Not installed
2025-10-17 15:24:08,706:INFO:            catboost: 1.2.8
2025-10-17 15:24:08,706:INFO:              kmodes: Not installed
2025-10-17 15:24:08,706:INFO:             mlxtend: Not installed
2025-10-17 15:24:08,706:INFO:       statsforecast: Not installed
2025-10-17 15:24:08,706:INFO:        tune_sklearn: Not installed
2025-10-17 15:24:08,706:INFO:                 ray: Not installed
2025-10-17 15:24:08,706:INFO:            hyperopt: Not installed
2025-10-17 15:24:08,706:INFO:              optuna: Not installed
2025-10-17 15:24:08,706:INFO:               skopt: Not installed
2025-10-17 15:24:08,706:INFO:              mlflow: Not installed
2025-10-17 15:24:08,706:INFO:              gradio: Not installed
2025-10-17 15:24:08,706:INFO:             fastapi: 0.115.12
2025-10-17 15:24:08,706:INFO:             uvicorn: 0.34.2
2025-10-17 15:24:08,706:INFO:              m2cgen: Not installed
2025-10-17 15:24:08,706:INFO:           evidently: Not installed
2025-10-17 15:24:08,706:INFO:               fugue: Not installed
2025-10-17 15:24:08,706:INFO:           streamlit: Not installed
2025-10-17 15:24:08,706:INFO:             prophet: Not installed
2025-10-17 15:24:08,706:INFO:None
2025-10-17 15:24:08,706:INFO:Set up data.
2025-10-17 15:24:08,898:INFO:Set up folding strategy.
2025-10-17 15:24:08,898:INFO:Set up train/test split.
